[INFO] Scanning for projects...
[INFO] 
[INFO] --------------------< com.hamzaeren.course:spring >---------------------
[INFO] Building spring 0.0.1-SNAPSHOT
[INFO]   from pom.xml
[INFO] --------------------------------[ jar ]---------------------------------
[INFO] 
[INFO] --- resources:3.3.1:resources (default-resources) @ spring ---
[INFO] Copying 1 resource from src\main\resources to target\classes
[INFO] Copying 4 resources from src\main\resources to target\classes
[INFO] 
[INFO] --- compiler:3.14.1:compile (default-compile) @ spring ---
[INFO] Nothing to compile - all classes are up to date.
[INFO] 
[INFO] --- resources:3.3.1:testResources (default-testResources) @ spring ---
[INFO] skip non existing resourceDirectory C:\Users\heren\IdeaProjects\JavaDersleri\SpringExampleProject\src\test\resources
[INFO] 
[INFO] --- compiler:3.14.1:testCompile (default-testCompile) @ spring ---
[INFO] Recompiling the module because of changed source code.
[INFO] Compiling 3 source files with javac [debug parameters release 21] to target\test-classes
[INFO] Annotation processing is enabled because one or more processors were found
  on the class path. A future release of javac may disable annotation processing
  unless at least one processor is specified by name (-processor), or a search
  path is specified (--processor-path, --processor-module-path), or annotation
  processing is enabled explicitly (-proc:only, -proc:full).
  Use -Xlint:-options to suppress this message.
  Use -proc:none to disable annotation processing.
[INFO] -------------------------------------------------------------
[ERROR] COMPILATION ERROR : 
[INFO] -------------------------------------------------------------
[ERROR] /C:/Users/heren/IdeaProjects/JavaDersleri/SpringExampleProject/src/test/java/com/hamzaeren/course/spring/repository/AuthorRepositoryTest.java:[6,59] package org.springframework.boot.test.autoconfigure.orm.jpa does not exist
[ERROR] /C:/Users/heren/IdeaProjects/JavaDersleri/SpringExampleProject/src/test/java/com/hamzaeren/course/spring/repository/AuthorRepositoryTest.java:[10,2] cannot find symbol
  symbol: class DataJpaTest
[INFO] 2 errors 
[INFO] -------------------------------------------------------------
[INFO] ------------------------------------------------------------------------
[INFO] BUILD FAILURE
[INFO] ------------------------------------------------------------------------
[INFO] Total time:  2.405 s
[INFO] Finished at: 2026-03-11T12:23:14+03:00
[INFO] ------------------------------------------------------------------------
[ERROR] Failed to execute goal org.apache.maven.plugins:maven-compiler-plugin:3.14.1:testCompile (default-testCompile) on project spring: Compilation failure: Compilation failure: 
[ERROR] /C:/Users/heren/IdeaProjects/JavaDersleri/SpringExampleProject/src/test/java/com/hamzaeren/course/spring/repository/AuthorRepositoryTest.java:[6,59] package org.springframework.boot.test.autoconfigure.orm.jpa does not exist
[ERROR] /C:/Users/heren/IdeaProjects/JavaDersleri/SpringExampleProject/src/test/java/com/hamzaeren/course/spring/repository/AuthorRepositoryTest.java:[10,2] cannot find symbol
[ERROR]   symbol: class DataJpaTest
[ERROR] -> [Help 1]
[ERROR] 
[ERROR] To see the full stack trace of the errors, re-run Maven with the -e switch.
[ERROR] Re-run Maven using the -X switch to enable full debug logging.
[ERROR] 
[ERROR] For more information about the errors and possible solutions, please read the following articles:
[ERROR] [Help 1] http://cwiki.apache.org/confluence/display/MAVEN/MojoFailureException
